{"numTotalTestSuites":4,"numPassedTestSuites":4,"numFailedTestSuites":0,"numPendingTestSuites":0,"numTotalTests":10,"numPassedTests":9,"numFailedTests":1,"numPendingTests":0,"numTodoTests":0,"startTime":1788431026683,"success":false,"testResults":[{"assertionResults":[{"ancestorTitles":["","UsersPage"],"fullName":" UsersPage carga la lista de usuarios y la renderiza","status":"failed","title":"carga la lista de usuarios y la renderiza","duration":1055,"failureMessages":["Unable to find an element with the text: Total. This could be because the text is broken up by multiple elements. In this case, you can provide a function for your text matcher to make your matcher more flexible.\n\nIgnored nodes: comments, script, style\n\u001b[36m<body>\u001b[39m\n  \u001b[36m<div>\u001b[39m\n    \u001b[36m<div\u001b[39m\n      \u001b[33mclass\u001b[39m=\u001b[32m\"min-h-0 flex-1 overflow-y-auto\"\u001b[39m\n    \u001b[36m>\u001b[39m\n      \u001b[36m<div\u001b[39m\n        \u001b[33mclass\u001b[39m=\u001b[32m\"mx-auto w-full px-4 py-8 md:px-8 max-w-7xl\"\u001b[39m\n      \u001b[36m>\u001b[39m\n        \u001b[36m<div\u001b[39m\n          \u001b[33mclass\u001b[39m=\u001b[32m\"mb-6 flex flex-col sm:flex-row sm:items-center sm:justify-between gap-4 border-b border-gray-200/60 dark:border-slate-800 pb-5\"\u001b[39m\n        \u001b[36m>\u001b[39m\n          \u001b[36m<div\u001b[39m\n            \u001b[33mclass\u001b[39m=\u001b[32m\"flex items-start sm:items-center gap-3\"\u001b[39m\n          \u001b[36m>\u001b[39m\n            \u001b[36m<div\u001b[39m\n              \u001b[33mclass\u001b[39m=\u001b[32m\"flex h-12 w-12 shrink-0 items-center justify-center rounded-xl bg-gradient-to-br from-indigo-50 to-indigo-100/80 dark:from-indigo-950/40 dark:to-indigo-900/25 border border-indigo-100/55 dark:border-indigo-800/30 text-indigo-600 dark:text-indigo-400 shadow-sm shadow-indigo-100/10\"\u001b[39m\n            \u001b[36m>\u001b[39m\n              \u001b[36m<svg\u001b[39m\n                \u001b[33mclass\u001b[39m=\u001b[32m\"lucide lucide-users h-6 w-6\"\u001b[39m\n                \u001b[33mfill\u001b[39m=\u001b[32m\"none\"\u001b[39m\n                \u001b[33mheight\u001b[39m=\u001b[32m\"24\"\u001b[39m\n                \u001b[33mstroke\u001b[39m=\u001b[32m\"currentColor\"\u001b[39m\n                \u001b[33mstroke-linecap\u001b[39m=\u001b[32m\"round\"\u001b[39m\n                \u001b[33mstroke-linejoin\u001b[39m=\u001b[32m\"round\"\u001b[39m\n                \u001b[33mstroke-width\u001b[39m=\u001b[32m\"2\"\u001b[39m\n                \u001b[33mviewBox\u001b[39m=\u001b[32m\"0 0 24 24\"\u001b[39m\n                \u001b[33mwidth\u001b[39m=\u001b[32m\"24\"\u001b[39m\n                \u001b[33mxmlns\u001b[39m=\u001b[32m\"http://www.w3.org/2000/svg\"\u001b[39m\n              \u001b[36m>\u001b[39m\n                \u001b[36m<path\u001b[39m\n                  \u001b[33md\u001b[39m=\u001b[32m\"M16 21v-2a4 4 0 0 0-4-4H6a4 4 0 0 0-4 4v2\"\u001b[39m\n                \u001b[36m/>\u001b[39m\n                \u001b[36m<circle\u001b[39m\n                  \u001b[33mcx\u001b[39m=\u001b[32m\"9\"\u001b[39m\n                  \u001b[33mcy\u001b[39m=\u001b[32m\"7\"\u001b[39m\n                  \u001b[33mr\u001b[39m=\u001b[32m\"4\"\u001b[39m\n                \u001b[36m/>\u001b[39m\n                \u001b[36m<path\u001b[39m\n                  \u001b[33md\u001b[39m=\u001b[32m\"M22 21v-2a4 4 0 0 0-3-3.87\"\u001b[39m\n                \u001b[36m/>\u001b[39m\n                \u001b[36m<path\u001b[39m\n                  \u001b[33md\u001b[39m=\u001b[32m\"M16 3.13a4 4 0 0 1 0 7.75\"\u001b[39m\n                \u001b[36m/>\u001b[39m\n              \u001b[36m</svg>\u001b[39m\n            \u001b[36m</div>\u001b[39m\n            \u001b[36m<div>\u001b[39m\n              \u001b[36m<h1\u001b[39m\n                \u001b[33mclass\u001b[39m=\u001b[32m\"text-2xl font-bold tracking-tight text-gray-900 dark:text-white sm:text-3xl\"\u001b[39m\n              \u001b[36m>\u001b[39m\n                \u001b[0mUsuarios con Roles\u001b[0m\n              \u001b[36m</h1>\u001b[39m\n              \u001b[36m<p\u001b[39m\n                \u001b[33mclass\u001b[39m=\u001b[32m\"mt-1 text-sm text-gray-500 dark:text-slate-400\"\u001b[39m\n              \u001b[36m>\u001b[39m\n                \u001b[0mUsuarios de la aplicación con roles asignados\u001b[0m\n              \u001b[36m</p>\u001b[39m\n            \u001b[36m</div>\u001b[39m\n          \u001b[36m</div>\u001b[39m\n          \u001b[36m<div\u001b[39m\n            \u001b[33mclass\u001b[39m=\u001b[32m\"flex items-center gap-2 sm:self-center\"\u001b[39m\n          \u001b[36m>\u001b[39m\n            \u001b[36m<button\u001b[39m\n              \u001b[33mclass\u001b[39m=\u001b[32m\"flex items-center gap-1.5 rounded-md bg-indigo-600 px-3 py-2 text-sm font-medium text-white hover:bg-indigo-700\"\u001b[39m\n            \u001b[36m>\u001b[39m\n              \u001b[36m<svg\u001b[39m\n                \u001b[33mclass\u001b[39m=\u001b[32m\"lucide lucide-plus h-4 w-4\"\u001b[39m\n                \u001b[33mfill\u001b[39m=\u001b[32m\"none\"\u001b[39m\n                \u001b[33mheight\u001b[39m=\u001b[32m\"24\"\u001b[39m\n                \u001b[33mstroke\u001b[39m=\u001b[32m\"currentColor\"\u001b[39m\n                \u001b[33mstroke-linecap\u001b[39m=\u001b[32m\"round\"\u001b[39m\n                \u001b[33mstroke-linejoin\u001b[39m=\u001b[32m\"round\"\u001b[39m\n                \u001b[33mstroke-width\u001b[39m=\u001b[32m\"2\"\u001b[39m\n                \u001b[33mviewBox\u001b[39m=\u001b[32m\"0 0 24 24\"\u001b[39m\n                \u001b[33mwidth\u001b[39m=\u001b[32m\"24\"\u001b[39m\n                \u001b[33mxmlns\u001b[39m=\u001b[32m\"http://www.w3.org/2000/svg\"\u001b[39m\n              \u001b[36m>\u001b[39m\n                \u001b[36m<path\u001b[39m\n                  \u001b[33md\u001b[39m=\u001b[32m\"M5 12h14\"\u001b[39m\n                \u001b[36m/>\u001b[39m\n                \u001b[36m<path\u001b[39m\n                  \u001b[33md\u001b[39m=\u001b[32m\"M12 5v14\"\u001b[39m\n                \u001b[36m/>\u001b[39m\n              \u001b[36m</svg>\u001b[39m\n              \u001b[0mNuevo usuario\u001b[0m\n            \u001b[36m</button>\u001b[39m\n          \u001b[36m</div>\u001b[39m\n        \u001b[36m</div>\u001b[39m\n        \u001b[36m<div\u001b[39m\n          \u001b[33mclass\u001b[39m=\u001b[32m\"overflow-hidden rounded-lg border border-gray-200 dark:border-slate-700 bg-white dark:bg-slate-800 shadow-sm\"\u001b[39m\n        \u001b[36m>\u001b[39m\n          \u001b[36m<div\u001b[39m\n            \u001b[33mclass\u001b[39m=\u001b[32m\"overflow-x-auto\"\u001b[39m\n          \u001b[36m>\u001b[39m\n            \u001b[36m<table\u001b[39m\n              \u001b[33mclass\u001b[39m=\u001b[32m\"min-w-full divide-y divide-gray-200 dark:divide-slate-700\"\u001b[39m\n            \u001b[36m>\u001b[39m\n              \u001b[36m<thead\u001b[39m\n                \u001b[33mclass\u001b[39m=\u001b[32m\"bg-gray-50 dark:bg-slate-900/50\"\u001b[39m\n              \u001b[36m>\u001b[39m\n                \u001b[36m<tr>\u001b[39m\n                  \u001b[36m<th\u001b[39m\n                    \u001b[33mclass\u001b[39m=\u001b[32m\"px-4 py-3 text-left text-xs font-semibold uppercase tracking-wider text-gray-600 dark:text-slate-300\"\u001b[39m\n                  \u001b[36m>\u001b[39m\n                    \u001b[0mEmail\u001b[0m\n                  \u001b[36m</th>\u001b[39m\n                  \u001b[36m<th\u001b[39m\n                    \u001b[33mclass\u001b[39m=\u001b[32m\"px-4 py-3 text-left text-xs font-semibold uppercase tracking-wider text-gray-600 dark:text-slate-300\"\u001b[39m\n                  \u001b[36m>\u001b[39m\n                    \u001b[0mNombre\u001b[0m\n                  \u001b[36m</th>\u001b[39m\n                  \u001b[36m<th\u001b[39m\n                    \u001b[33mclass\u001b[39m=\u001b[32m\"px-4 py-3 text-left text-xs font-semibold uppercase tracking-wider text-gray-600 dark:text-slate-300\"\u001b[39m\n                  \u001b[36m>\u001b[39m\n                    \u001b[0mRoles\u001b[0m\n                  \u001b[36m</th>\u001b[39m\n                  \u001b[36m<th\u001b[39m\n                    \u001b[33mclass\u001b[39m=\u001b[32m\"px-4 py-3 text-center text-xs font-semibold uppercase tracking-wider text-gray-600 dark:text-slate-300\"\u001b[39m\n                  \u001b[36m>\u001b[39m\n                    \u001b[0mEstado\u001b[0m\n                  \u001b[36m</th>\u001b[39m\n                  \u001b[36m<th\u001b[39m\n                    \u001b[33mclass\u001b[39m=\u001b[32m\"px-4 py-3 text-left text-xs font-semibold uppercase tracking-wider text-gray-600 dark:text-slate-300\"\u001b[39m\n                  \u001b[36m>\u001b[39m\n                    \u001b[0mCreado\u001b[0m\n                  \u001b[36m</th>\u001b[39m\n                  \u001b[36m<th\u001b[39m\n                    \u001b[33mclass\u001b[39m=\u001b[32m\"px-4 py-3 w-20\"\u001b[39m\n                  \u001b[36m/>\u001b[39m\n                \u001b[36m</tr>\u001b[39m\n              \u001b[36m</thead>\u001b[39m\n              \u001b[36m<tbody\u001b[39m\n                \u001b[33mclass\u001b[39m=\u001b[32m\"divide-y divide-gray-200 dark:divide-slate-700 bg-white dark:bg-slate-800\"\u001b[39m\n              \u001b[36m>\u001b[39m\n                \u001b[36m<tr\u001b[39m\n                  \u001b[33mclass\u001b[39m=\u001b[32m\"hover:bg-gray-50 dark:hover:bg-slate-700/50 transition-colors\"\u001b[39m\n                \u001b[36m>\u001b[39m\n                  \u001b[36m<td\u001b[39m\n                    \u001b[33mclass\u001b[39m=\u001b[32m\"px-4 py-3\"\u001b[39m\n                  \u001b[36m>\u001b[39m\n                    \u001b[36m<div\u001b[39m\n                      \u001b[33mclass\u001b[39m=\u001b[32m\"flex items-center gap-2\"\u001b[39m\n                    \u001b[36m>\u001b[39m\n                      \u001b[36m<svg\u001b[39m\n                        \u001b[33mclass\u001b[39m=\u001b[32m\"lucide lucide-mail h-4 w-4 shrink-0 text-gray-400 dark:text-slate-500\"\u001b[39m\n                        \u001b[33mfill\u001b[39m=\u001b[32m\"none\"\u001b[39m\n                        \u001b[33mheight\u001b[39m=\u001b[32m\"24\"\u001b[39m\n                        \u001b[33mstroke\u001b[39m=\u001b[32m\"currentColor\"\u001b[39m\n                        \u001b[33mstroke-linecap\u001b[39m=\u001b[32m\"round\"\u001b[39m\n                        \u001b[33mstroke-linejoin\u001b[39m=\u001b[32m\"round\"\u001b[39m\n                        \u001b[33mstroke-width\u001b[39m=\u001b[32m\"2\"\u001b[39m\n                        \u001b[33mviewBox\u001b[39m=\u001b[32m\"0 0 24 24\"\u001b[39m\n                        \u001b[33mwidth\u001b[39m=\u001b[32m\"24\"\u001b[39m\n                        \u001b[33mxmlns\u001b[39m=\u001b[32m\"http://www.w3.org/2000/svg\"\u001b[39m\n                      \u001b[36m>\u001b[39m\n                        \u001b[36m<rect\u001b[39m\n                          \u001b[33mheight\u001b[39m=\u001b[32m\"16\"\u001b[39m\n                          \u001b[33mrx\u001b[39m=\u001b[32m\"2\"\u001b[39m\n                          \u001b[33mwidth\u001b[39m=\u001b[32m\"20\"\u001b[39m\n                          \u001b[33mx\u001b[39m=\u001b[32m\"2\"\u001b[39m\n                          \u001b[33my\u001b[39m=\u001b[32m\"4\"\u001b[39m\n                        \u001b[36m/>\u001b[39m\n                        \u001b[36m<path\u001b[39m\n                          \u001b[33md\u001b[39m=\u001b[32m\"m22 7-8.97 5.7a1.94 1.94 0 0 1-2.06 0L2 7\"\u001b[39m\n                        \u001b[36m/>\u001b[39m\n                      \u001b[36m</svg>\u001b[39m\n                      \u001b[36m<div>\u001b[39m\n                        \u001b[36m<p\u001b[39m\n                          \u001b[33mclass\u001b[39m=\u001b[32m\"text-sm font-medium text-gray-900 dark:text-slate-100\"\u001b[39m\n                        \u001b[36m>\u001b[39m\n                          \u001b[0mana@test.com\u001b[0m\n                        \u001b[36m</p>\u001b[39m\n                        \u001b[36m<p\u001b[39m\n                          \u001b[33mclass\u001b[39m=\u001b[32m\"text-xs text-gray-500 dark:text-slate-400\"\u001b[39m\n                        \u001b[36m>\u001b[39m\n                          \u001b[0mana\u001b[0m\n                        \u001b[36m</p>\u001b[39m\n                      \u001b[36m</div>\u001b[39m\n                    \u001b[36m</div>\u001b[39m\n                  \u001b[36m</td>\u001b[39m\n                  \u001b[36m<td\u001b[39m\n                    \u001b[33mclass\u001b[39m=\u001b[32m\"px-4 py-3 text-sm text-gray-700 dark:text-slate-300\"\u001b[39m\n                  \u001b[36m>\u001b[39m\n                    \u001b[0mAna García\u001b[0m\n                  \u001b[36m</td>\u001b[39m\n                  \u001b[36m<td\u001b[39m\n                    \u001b[33mclass\u001b[39m=\u001b[32m\"px-4 py-3\"\u001b[39m\n                  \u001b[36m>\u001b[39m\n                    \u001b[36m<div\u001b[39m\n                      \u001b[33mclass\u001b[39m=\u001b[32m\"flex flex-wrap gap-1.5\"\u001b[39m\n                    \u001b[36m>\u001b[39m\n                      \u001b[36m<span\u001b[39m\n                        \u001b[33mclass\u001b[39m=\u001b[32m\"inline-flex items-center gap-1 rounded-full bg-indigo-100 dark:bg-indigo-900/40 px-2.5 py-0.5 text-xs font-medium text-indigo-700 dark:text-indigo-300\"\u001b[39m\n                      \u001b[36m>\u001b[39m\n                        \u001b[36m<svg\u001b[39m\n                          \u001b[33mclass\u001b[39m=\u001b[32m\"lucide lucide-shield h-3 w-3\"\u001b[39m\n                          \u001b[33mfill\u001b[39m=\u001b[32m\"none\"\u001b[39m\n                          \u001b[33mheight\u001b[39m=\u001b[32m\"24\"\u001b[39m\n                          \u001b[33mstroke\u001b[39m=\u001b[32m\"currentColor\"\u001b[39m\n                          \u001b[33mstroke-linecap\u001b[39m=\u001b[32m\"round\"\u001b[39m\n                          \u001b[33mstroke-linejoin\u001b[39m=\u001b[32m\"round\"\u001b[39m\n                          \u001b[33mstroke-width\u001b[39m=\u001b[32m\"2\"\u001b[39m\n                          \u001b[33mviewBox\u001b[39m=\u001b[32m\"0 0 24 24\"\u001b[39m\n                          \u001b[33mwidth\u001b[39m=\u001b[32m\"24\"\u001b[39m\n                          \u001b[33mxmlns\u001b[39m=\u001b[32m\"http://www.w3.org/2000/svg\"\u001b[39m\n                        \u001b[36m>\u001b[39m\n                          \u001b[36m<path\u001b[39m\n                            \u001b[33md\u001b[39m=\u001b[32m\"M20 13c0 5-3.5 7.5-7.66 8.95a1 1 0 0 1-.67-.01C7.5 20.5 4 18 4 13V6a1 1 0 0 1 1-1c2 0 4.5-1.2 6.24-2.72a1.17 1.17 0 0 1 1.52 0C14.51 3.81 17 5 19 5a1 1 0 0 1 1 1z\"\u001b[39m\n                          \u001b[36m/>\u001b[39m\n                        \u001b[36m</svg>\u001b[39m\n                        \u001b[0madmin\u001b[0m\n                      \u001b[36m</span>\u001b[39m\n                    \u001b[36m</div>\u001b[39m\n                  \u001b[36m</td>\u001b[39m\n                  \u001b[36m<td\u001b[39m\n                    \u001b[33mclass\u001b[39m=\u001b[32m\"px-4 py-3\"\u001b[39m\n                  \u001b[36m>\u001b[39m\n                    \u001b[36m<div\u001b[39m\n                      \u001b[33mclass\u001b[39m=\u001b[32m\"flex items-center justify-center gap-3\"\u001b[39m\n                    \u001b[36m>\u001b[39m\n                      \u001b[36m<div\u001b[39m\n                        \u001b[33mclass\u001b[39m=\u001b[32m\"flex items-center gap-1 text-xs font-medium text-green-600 dark:text-green-400\"\u001b[39m\n                        \u001b[33mtitle\u001b[39m=\u001b[32m\"Habilitado\"\u001b[39m\n                      \u001b[36m>\u001b[39m\n                        \u001b[36m<svg\u001b[39m\n                          \u001b[33mclass\u001b[39m=\u001b[32m\"lucide lucide-circle-check h-4 w-4\"\u001b[39m\n                          \u001b[33mfill\u001b[39m=\u001b[32m\"none\"\u001b[39m\n                          \u001b[33mheight\u001b[39m=\u001b[32m\"24\"\u001b[39m\n                          \u001b[33mstroke\u001b[39m=\u001b[32m\"currentColor\"\u001b[39m\n                          \u001b[33mstroke-linecap\u001b[39m=\u001b[32m\"round\"\u001b[39m\n                          \u001b[33mstroke-linejoin\u001b[39m=\u001b[32m\"round\"\u001b[39m\n                          \u001b[33mstroke-width\u001b[39m=\u001b[32m\"2\"\u001b[39m\n                          \u001b[33mviewBox\u001b[39m=\u001b[32m\"0 0 24 24\"\u001b[39m\n                          \u001b[33mwidth\u001b[39m=\u001b[32m\"24\"\u001b[39m\n                          \u001b[33mxmlns\u001b[39m=\u001b[32m\"http://www.w3.org/2000/svg\"\u001b[39m\n                        \u001b[36m>\u001b[39m\n                          \u001b[36m<circle\u001b[39m\n                            \u001b[33mcx\u001b[39m=\u001b[32m\"12\"\u001b[39m\n                            \u001b[33mcy\u001b[39m=\u001b[32m\"12\"\u001b[39m\n                            \u001b[33mr\u001b[39m=\u001b[32m\"10\"\u001b[39m\n                          \u001b[36m/>\u001b[39m\n                          \u001b[36m<path\u001b[39m\n                            \u001b[33md\u001b[39m=\u001b[32m\"m9 12 2 2 4-4\"\u001b[39m\n                          \u001b[36m/>\u001b[39m\n                        \u001b[36m</svg>\u001b[39m\n                      \u001b[36m</div>\u001b[39m\n                      \u001b[36m<span\u001b[39m\n                        \u001b[33mclass\u001b[39m=\u001b[32m\"inline-flex items-center gap-1 rounded-full bg-green-100 dark:bg-green-900/30 px-2 py-0.5 text-xs font-medium text-green-700 dark:text-green-400\"\u001b[39m\n                      \u001b[36m>\u001b[39m\n                        \u001b[36m<svg\u001b[39m\n                          \u001b[33mclass\u001b[39m=\u001b[32m\"lucide lucide-mail h-3 w-3\"\u001b[39m\n                          \u001b[33mfill\u001b[39m=\u001b[32m\"none\"\u001b[39m\n                          \u001b[33mheight\u001b[39m=\u001b[32m\"24\"\u001b[39m\n                          \u001b[33mstroke\u001b[39m=\u001b[32m\"currentColor\"\u001b[39m\n                          \u001b[33mstroke-linecap\u001b[39m=\u001b[32m\"round\"\u001b[39m\n                          \u001b[33mstroke-linejoin\u001b[39m=\u001b[32m\"round\"\u001b[39m\n                          \u001b[33mstroke-width\u001b[39m=\u001b[32m\"2\"\u001b[39m\n                          \u001b[33mviewBox\u001b[39m=\u001b[32m\"0 0 24 24\"\u001b[39m\n                          \u001b[33mwidth\u001b[39m=\u001b[32m\"24\"\u001b[39m\n                          \u001b[33mxmlns\u001b[39m=\u001b[32m\"http://www.w3.org/2000/svg\"\u001b[39m\n                        \u001b[36m>\u001b[39m\n                          \u001b[36m<rect\u001b[39m\n                            \u001b[33mheight\u001b[39m=\u001b[32m\"16\"\u001b[39m\n                            \u001b[33mrx\u001b[39m=\u001b[32m\"2\"\u001b[39m\n                            \u001b[33mwidth\u001b[39m=\u001b[32m\"20\"\u001b[39m\n                            \u001b[33mx\u001b[39m=\u001b[32m\"2\"\u001b[39m\n                            \u001b[33my\u001b[39m=\u001b[32m\"4\"\u001b[39m\n                          \u001b[36m/>\u001b[39m\n                          \u001b[36m<path\u001b[39m\n                            \u001b[33md\u001b[39m=\u001b[32m\"m22 7-8.97 5.7a1.94 1.94 0 0 1-2.06 0L2 7\"\u001b[39m\n                          \u001b[36m/>\u001b[39m\n                        \u001b[36m</svg>\u001b[39m\n                        \u001b[0mVerificado\u001b[0m\n                      \u001b[36m</span>\u001b[39m\n                    \u001b[36m</div>\u001b[39m\n                  \u001b[36m</td>\u001b[39m\n                  \u001b[36m<td\u001b[39m\n                    \u001b[33mclass\u001b[39m=\u001b[32m\"px-4 py-3 text-sm text-gray-500 dark:text-slate-400 tabular-nums\"\u001b[39m\n                  \u001b[36m>\u001b[39m\n                    \u001b[0m20/01/2024\u001b[0m\n                  \u001b[36m</td>\u001b[39m\n                  \u001b[36m<td\u001b[39m\n                    \u001b[33mclass\u001b[39m=\u001b[32m\"px-4 py-3\"\u001b[39m\n                  \u001b[36m>\u001b[39m\n                    \u001b[36m<div\u001b[39m\n                      \u001b[33mclass\u001b[39m=\u001b[32m\"flex items-center justify-end gap-1\"\u001b[39m\n                    \u001b[36m>\u001b[39m\n                      \u001b[36m<button\u001b[39m\n                        \u001b[33mclass\u001b[39m=\u001b[32m\"rounded p-1.5 text-gray-400 hover:text-indigo-600 dark:hover:text-indigo-400 hover:bg-gray-100 dark:hover:bg-slate-700\"\u001b[39m\n                        \u001b[33mtitle\u001b[39m=\u001b[32m\"Editar\"\u001b[39m\n                      \u001b[36m>\u001b[39m\n                        \u001b[36m<svg\u001b[39m\n                          \u001b[33mclass\u001b[39m=\u001b[32m\"lucide lucide-pencil h-4 w-4\"\u001b[39m\n                          \u001b[33mfill\u001b[39m=\u001b[32m\"none\"\u001b[39m\n                          \u001b[33mheight\u001b[39m=\u001b[32m\"24\"\u001b[39m\n                          \u001b[33mstroke\u001b[39m=\u001b[32m\"currentColor\"\u001b[39m\n                          \u001b[33mstroke-linecap\u001b[39m=\u001b[32m\"round\"\u001b[39m\n                          \u001b[33mstroke-linejoin\u001b[39m=\u001b[32m\"round\"\u001b[39m\n                          \u001b[33mstroke-width\u001b[39m=\u001b[32m\"2\"\u001b[39m\n                          \u001b[33mviewBox\u001b[39m=\u001b[32m\"0 0 24 24\"\u001b[39m\n                          \u001b[33mwidth\u001b[39m=\u001b[32m\"24\"\u001b[39m\n                          \u001b[33mxmlns\u001b[39m=\u001b[32m\"http://www.w3.org/2000/svg\"\u001b[39m\n                        \u001b[36m>\u001b[39m\n                          \u001b[36m<path\u001b[39m\n                            \u001b[33md\u001b[39m=\u001b[32m\"M17 3a2.85 2.83 0 1 1 4 4L7.5 20.5 2 22l1.5-5.5Z\"\u001b[39m\n                          \u001b[36m/>\u001b[39m\n                          \u001b[36m<path\u001b[39m\n                            \u001b[33md\u001b[39m=\u001b[32m\"m15 5 4 4\"\u001b[39m\n                          \u001b[36m/>\u001b[39m\n                        \u001b[36m</svg>\u001b[39m\n                      \u001b[36m</button>\u001b[39m\n                      \u001b[36m<button\u001b[39m\n                        \u001b[33mclass\u001b[39m=\u001b[32m\"rounded p-1.5 text-gray-400 hover:text-red-600 dark:hover:text-red-400 hover:bg-gray-100 dark:hover:bg-slate-700\"\u001b[39m\n                        \u001b[33mtitle\u001b[39m=\u001b[32m\"Eliminar\"\u001b[39m\n                      \u001b[36m>\u001b[39m\n                        \u001b[36m<svg\u001b[39m\n                          \u001b[33mclass\u001b[39m=\u001b[32m\"lucide lucide-trash2 h-4 w-4\"\u001b[39m\n                          \u001b[33mfill\u001b[39m=\u001b[32m\"none\"\u001b[39m\n                          \u001b[33mheight\u001b[39m=\u001b[32m\"24\"\u001b[39m\n                          \u001b[33mstroke\u001b[39m=\u001b[32m\"currentColor\"\u001b[39m\n                          \u001b[33mstroke-linecap\u001b[39m=\u001b[32m\"round\"\u001b[39m\n                          \u001b[33mstroke-linejoin\u001b[39m=\u001b[32m\"round\"\u001b[39m\n                          \u001b[33mstroke-width\u001b[39m=\u001b[32m\"2\"\u001b[39m\n                          \u001b[33mviewBox\u001b[39m=\u001b[32m\"0 0 24 24\"\u001b[39m\n                          \u001b[33mwidth\u001b[39m=\u001b[32m\"24\"\u001b[39m\n                          \u001b[33mxmlns\u001b[39m=\u001b[32m\"http://www.w3.org/2000/svg\"\u001b[39m\n                        \u001b[36m>\u001b[39m\n                          \u001b[36m<path\u001b[39m\n                            \u001b[33md\u001b[39m=\u001b[32m\"M3 6h18\"\u001b[39m\n                          \u001b[36m/>\u001b[39m\n                          \u001b[36m<path\u001b[39m\n                            \u001b[33md\u001b[39m=\u001b[32m\"M19 6v14c0 1-1 2-2 2H7c-1 0-2-1-2-2V6\"\u001b[39m\n                          \u001b[36m/>\u001b[39m\n                          \u001b[36m<path\u001b[39m\n                            \u001b[33md\u001b[39m=\u001b[32m\"M8 6V4c0-1 1-2 2-2h4c1 0 2 1 2 2v2\"\u001b[39m\n                          \u001b[36m/>\u001b[39m\n                          \u001b[36m<line\u001b[39m\n                            \u001b[33mx1\u001b[39m=\u001b[32m\"10\"\u001b[39m\n                            \u001b[33mx2\u001b[39m=\u001b[32m\"10\"\u001b[39m\n                            \u001b[33my1\u001b[39m=\u001b[32m\"11\"\u001b[39m\n                            \u001b[33my2\u001b[39m=\u001b[32m\"17\"\u001b[39m\n                          \u001b[36m/>\u001b[39m\n                          \u001b[36m<line\u001b[39m\n                            \u001b[33mx1\u001b[39m=\u001b[32m\"14\"\u001b[39m\n                            \u001b[33mx2\u001b[39m=\u001b[32m\"14\"\u001b[39m\n                            \u001b[33my1\u001b[39m=\u001b[32m\"11\"\u001b[39m\n                            \u001b[33my2\u001b[39m=\u001b[32m\"17\"\u001b[39m\n                          \u001b[36m/>\u001b[39m\n                        \u001b[36m</svg>\u001b[39m\n                      \u001b[36m</button>\u001b[39m\n                    \u001b[36m</div>\u001b[39m\n                  \u001b[36m</td>\u001b[39m\n                \u001b[36m</tr>\u001b[39m\n              \u001b[36m</tbody>\u001b[39m\n            \u001b[36m</table>\u001b[39m\n          \u001b[36m</div>\u001b[39m\n          \u001b[36m<div\u001b[39m\n            \u001b[33mclass\u001b[39m=\u001b[32m\"border-t border-gray-200 dark:border-slate-700 bg-gray-50 dark:bg-slate-900/50 px-4 py-3\"\u001b[39m\n          \u001b[36m>\u001b[39m\n            \u001b[36m<p\u001b[39m\n              \u001b[33mclass\u001b[39m=\u001b[32m\"text-sm text-gray-600 dark:text-slate-400\"\u001b[39m\n            \u001b[36m>\u001b[39m\n              \u001b[0mTotal\u001b[0m\n              \u001b[0m: \u001b[0m\n              \u001b[36m<span\u001b[39m\n                \u001b[33mclass\u001b[39m=\u001b[32m\"font-semibold\"\u001b[39m\n              \u001b[36m>\u001b[39m\n                \u001b[0m1\u001b[0m\n              \u001b[36m</span>\u001b[39m\n            \u001b[36m</p>\u001b[39m\n          \u001b[36m</div>\u001b[39m\n        \u001b[36m</div>\u001b[39m\n      \u001b[36m</div>\u001b[39m\n    \u001b[36m</div>\u001b[39m\n  \u001b[36m</div>\u001b[39m\n\u001b[36m</body>\u001b[39m\n\nIgnored nodes: comments, script, style\n\u001b[36m<html>\u001b[39m\n  \u001b[36m<head />\u001b[39m\n  \u001b[36m<body>\u001b[39m\n    \u001b[36m<div>\u001b[39m\n      \u001b[36m<div\u001b[39m\n        \u001b[33mclass\u001b[39m=\u001b[32m\"min-h-0 flex-1 overflow-y-auto\"\u001b[39m\n      \u001b[36m>\u001b[39m\n        \u001b[36m<div\u001b[39m\n          \u001b[33mclass\u001b[39m=\u001b[32m\"mx-auto w-full px-4 py-8 md:px-8 max-w-7xl\"\u001b[39m\n        \u001b[36m>\u001b[39m\n          \u001b[36m<div\u001b[39m\n            \u001b[33mclass\u001b[39m=\u001b[32m\"mb-6 flex flex-col sm:flex-row sm:items-center sm:justify-between gap-4 border-b border-gray-200/60 dark:border-slate-800 pb-5\"\u001b[39m\n          \u001b[36m>\u001b[39m\n            \u001b[36m<div\u001b[39m\n              \u001b[33mclass\u001b[39m=\u001b[32m\"flex items-start sm:items-center gap-3\"\u001b[39m\n            \u001b[36m>\u001b[39m\n              \u001b[36m<div\u001b[39m\n                \u001b[33mclass\u001b[39m=\u001b[32m\"flex h-12 w-12 shrink-0 items-center justify-center rounded-xl bg-gradient-to-br from-indigo-50 to-indigo-100/80 dark:from-indigo-950/40 dark:to-indigo-900/25 border border-indigo-100/55 dark:border-indigo-800/30 text-indigo-600 dark:text-indigo-400 shadow-sm shadow-indigo-100/10\"\u001b[39m\n              \u001b[36m>\u001b[39m\n                \u001b[36m<svg\u001b[39m\n                  \u001b[33mclass\u001b[39m=\u001b[32m\"lucide lucide-users h-6 w-6\"\u001b[39m\n                  \u001b[33mfill\u001b[39m=\u001b[32m\"none\"\u001b[39m\n                  \u001b[33mheight\u001b[39m=\u001b[32m\"24\"\u001b[39m\n                  \u001b[33mstroke\u001b[39m=\u001b[32m\"currentColor\"\u001b[39m\n                  \u001b[33mstroke-linecap\u001b[39m=\u001b[32m\"round\"\u001b[39m\n                  \u001b[33mstroke-linejoin\u001b[39m=\u001b[32m\"round\"\u001b[39m\n                  \u001b[33mstroke-width\u001b[39m=\u001b[32m\"2\"\u001b[39m\n                  \u001b[33mviewBox\u001b[39m=\u001b[32m\"0 0 24 24\"\u001b[39m\n                  \u001b[33mwidth\u001b[39m=\u001b[32m\"24\"\u001b[39m\n                  \u001b[33mxmlns\u001b[39m=\u001b[32m\"http://www.w3.org/2000/svg\"\u001b[39m\n                \u001b[36m>\u001b[39m\n                  \u001b[36m<path\u001b[39m\n                    \u001b[33md\u001b[39m=\u001b[32m\"M16 21v-2a4 4 0 0 0-4-4H6a4 4 0 0 0-4 4v2\"\u001b[39m\n                  \u001b[36m/>\u001b[39m\n                  \u001b[36m<circle\u001b[39m\n                    \u001b[33mcx\u001b[39m=\u001b[32m\"9\"\u001b[39m\n                    \u001b[33mcy\u001b[39m=\u001b[32m\"7\"\u001b[39m\n                    \u001b[33mr\u001b[39m=\u001b[32m\"4\"\u001b[39m\n                  \u001b[36m/>\u001b[39m\n                  \u001b[36m<path\u001b[39m\n                    \u001b[33md\u001b[39m=\u001b[32m\"M22 21v-2a4 4 0 0 0-3-3.87\"\u001b[39m\n                  \u001b[36m/>\u001b[39m\n                  \u001b[36m<path\u001b[39m\n                    \u001b[33md\u001b[39m=\u001b[32m\"M16 3.13a4 4 0 0 1 0 7.75\"\u001b[39m\n                  \u001b[36m/>\u001b[39m\n                \u001b[36m</svg>\u001b[39m\n              \u001b[36m</div>\u001b[39m\n              \u001b[36m<div>\u001b[39m\n                \u001b[36m<h1\u001b[39m\n                  \u001b[33mclass\u001b[39m=\u001b[32m\"text-2xl font-bold tracking-tight text-gray-900 dark:text-white sm:text-3xl\"\u001b[39m\n                \u001b[36m>\u001b[39m\n                  \u001b[0mUsuarios con Roles\u001b[0m\n                \u001b[36m</h1>\u001b[39m\n                \u001b[36m<p\u001b[39m\n                  \u001b[33mclass\u001b[39m=\u001b[32m\"mt-1 text-sm text-gray-500 dark:text-slate-400\"\u001b[39m\n                \u001b[36m>\u001b[39m\n                  \u001b[0mUsuarios de la aplicación con roles asignados\u001b[0m\n                \u001b[36m</p>\u001b[39m\n              \u001b[36m</div>\u001b[39m\n            \u001b[36m</div>\u001b[39m\n            \u001b[36m<div\u001b[39m\n              \u001b[33mclass\u001b[39m=\u001b[32m\"flex items-center gap-2 sm:self-center\"\u001b[39m\n            \u001b[36m>\u001b[39m\n              \u001b[36m<button\u001b[39m\n                \u001b[33mclass\u001b[39m=\u001b[32m\"flex items-center gap-1.5 rounded-md bg-indigo-600 px-3 py-2 text-sm font-medium text-white hover:bg-indigo-700\"\u001b[39m\n              \u001b[36m>\u001b[39m\n                \u001b[36m<svg\u001b[39m\n                  \u001b[33mclass\u001b[39m=\u001b[32m\"lucide lucide-plus h-4 w-4\"\u001b[39m\n                  \u001b[33mfill\u001b[39m=\u001b[32m\"none\"\u001b[39m\n                  \u001b[33mheight\u001b[39m=\u001b[32m\"24\"\u001b[39m\n                  \u001b[33mstroke\u001b[39m=\u001b[32m\"currentColor\"\u001b[39m\n                  \u001b[33mstroke-linecap\u001b[39m=\u001b[32m\"round\"\u001b[39m\n                  \u001b[33mstroke-linejoin\u001b[39m=\u001b[32m\"round\"\u001b[39m\n                  \u001b[33mstroke-width\u001b[39m=\u001b[32m\"2\"\u001b[39m\n                  \u001b[33mviewBox\u001b[39m=\u001b[32m\"0 0 24 24\"\u001b[39m\n                  \u001b[33mwidth\u001b[39m=\u001b[32m\"24\"\u001b[39m\n                  \u001b[33mxmlns\u001b[39m=\u001b[32m\"http://www.w3.org/2000/svg\"\u001b[39m\n                \u001b[36m>\u001b[39m\n                  \u001b[36m<path\u001b[39m\n                    \u001b[33md\u001b[39m=\u001b[32m\"M5 12h14\"\u001b[39m\n                  \u001b[36m/>\u001b[39m\n                  \u001b[36m<path\u001b[39m\n                    \u001b[33md\u001b[39m=\u001b[32m\"M12 5v14\"\u001b[39m\n                  \u001b[36m/>\u001b[39m\n                \u001b[36m</svg>\u001b[39m\n                \u001b[0mNuevo usuario\u001b[0m\n              \u001b[36m</button>\u001b[39m\n            \u001b[36m</div>\u001b[39m\n          \u001b[36m</div>\u001b[39m\n          \u001b[36m<div\u001b[39m\n            \u001b[33mclass\u001b[39m=\u001b[32m\"overflow-hidden rounded-lg border border-gray-200 dark:border-slate-700 bg-white dark:bg-slate-800 shadow-sm\"\u001b[39m\n          \u001b[36m>\u001b[39m\n            \u001b[36m<div\u001b[39m\n              \u001b[33mclass\u001b[39m=\u001b[32m\"overflow-x-auto\"\u001b[39m\n            \u001b[36m>\u001b[39m\n              \u001b[36m<table\u001b[39m\n                \u001b[33mclass\u001b[39m=\u001b[32m\"min-w-full divide-y divide-gray-200 dark:divide-slate-700\"\u001b[39m\n              \u001b[36m>\u001b[39m\n                \u001b[36m<thead\u001b[39m\n                  \u001b[33mclass\u001b[39m=\u001b[32m\"bg-gray-50 dark:bg-slate-900/50\"\u001b[39m\n                \u001b[36m>\u001b[39m\n                  \u001b[36m<tr>\u001b[39m\n                    \u001b[36m<th\u001b[39m\n                      \u001b[33mclass\u001b[39m=\u001b[32m\"px-4 py-3 text-left text-xs font-semibold uppercase tracking-wider text-gray-600 dark:text-slate-300\"\u001b[39m\n                    \u001b[36m>\u001b[39m\n                      \u001b[0mEmail\u001b[0m\n                    \u001b[36m</th>\u001b[39m\n                    \u001b[36m<th\u001b[39m\n                      \u001b[33mclass\u001b[39m=\u001b[32m\"px-4 py-3 text-left text-xs font-semibold uppercase tracking-wider text-gray-600 dark:text-slate-300\"\u001b[39m\n                    \u001b[36m>\u001b[39m\n                      \u001b[0mNombre\u001b[0m\n                    \u001b[36m</th>\u001b[39m\n                    \u001b[36m<th\u001b[39m\n                      \u001b[33mclass\u001b[39m=\u001b[32m\"px-4 py-3 text-left text-xs font-semibold uppercase tracking-wider text-gray-600 dark:text-slate-300\"\u001b[39m\n                    \u001b[36m>\u001b[39m\n                      \u001b[0mRoles\u001b[0m\n                    \u001b[36m</th>\u001b[39m\n                    \u001b[36m<th\u001b[39m\n                      \u001b[33mclass\u001b[39m=\u001b[32m\"px-4 py-3 text-center text-xs font-semibold uppercase tracking-wider text-gray-600 dark:text-slate-300\"\u001b[39m\n                    \u001b[36m>\u001b[39m\n                      \u001b[0mEstado\u001b[0m\n                    \u001b[36m</th>\u001b[39m\n                    \u001b[36m<th\u001b[39m\n                      \u001b[33mclass\u001b[39m=\u001b[32m\"px-4 py-3 text-left text-xs font-semibold uppercase tracking-wider text-gray-600 dark:text-slate-300\"\u001b[39m\n                    \u001b[36m>\u001b[39m\n                      \u001b[0mCreado\u001b[0m\n                    \u001b[36m</th>\u001b[39m\n                    \u001b[36m<th\u001b[39m\n                      \u001b[33mclass\u001b[39m=\u001b[32m\"px-4 py-3 w-20\"\u001b[39m\n                    \u001b[36m/>\u001b[39m\n                  \u001b[36m</tr>\u001b[39m\n                \u001b[36m</thead>\u001b[39m\n                \u001b[36m<tbody\u001b[39m\n                  \u001b[33mclass\u001b[39m=\u001b[32m\"divide-y divide-gray-200 dark:divide-slate-700 bg-white dark:bg-slate-800\"\u001b[39m\n                \u001b[36m>\u001b[39m\n                  \u001b[36m<tr\u001b[39m\n                    \u001b[33mclass\u001b[39m=\u001b[32m\"hover:bg-gray-50 dark:hover:bg-slate-700/50 transition-colors\"\u001b[39m\n                  \u001b[36m>\u001b[39m\n                    \u001b[36m<td\u001b[39m\n                      \u001b[33mclass\u001b[39m=\u001b[32m\"px-4 py-3\"\u001b[39m\n                    \u001b[36m>\u001b[39m\n                      \u001b[36m<div\u001b[39m\n                        \u001b[33mclass\u001b[39m=\u001b[32m\"flex items-center gap-2\"\u001b[39m\n                      \u001b[36m>\u001b[39m\n                        \u001b[36m<svg\u001b[39m\n                          \u001b[33mclass\u001b[39m=\u001b[32m\"lucide lucide-mail h-4 w-4 shrink-0 text-gray-400 dark:text-slate-500\"\u001b[39m\n                          \u001b[33mfill\u001b[39m=\u001b[32m\"none\"\u001b[39m\n                          \u001b[33mheight\u001b[39m=\u001b[32m\"24\"\u001b[39m\n                          \u001b[33mstroke\u001b[39m=\u001b[32m\"currentColor\"\u001b[39m\n                          \u001b[33mstroke-linecap\u001b[39m=\u001b[32m\"round\"\u001b[39m\n                          \u001b[33mstroke-linejoin\u001b[39m=\u001b[32m\"round\"\u001b[39m\n                          \u001b[33mstroke-width\u001b[39m=\u001b[32m\"2\"\u001b[39m\n                          \u001b[33mviewBox\u001b[39m=\u001b[32m\"0 0 24 24\"\u001b[39m\n                          \u001b[33mwidth\u001b[39m=\u001b[32m\"24\"\u001b[39m\n                          \u001b[33mxmlns\u001b[39m=\u001b[32m\"http://www.w3.org/2000/svg\"\u001b[39m\n                        \u001b[36m>\u001b[39m\n                          \u001b[36m<rect\u001b[39m\n                            \u001b[33mheight\u001b[39m=\u001b[32m\"16\"\u001b[39m\n                            \u001b[33mrx\u001b[39m=\u001b[32m\"2\"\u001b[39m\n                            \u001b[33mwidth\u001b[39m=\u001b[32m\"20\"\u001b[39m\n                            \u001b[33mx\u001b[39m=\u001b[32m\"2\"\u001b[39m\n                            \u001b[33my\u001b[39m=\u001b[32m\"4\"\u001b[39m\n                          \u001b[36m/>\u001b[39m\n                          \u001b[36m<path\u001b[39m\n                            \u001b[33md\u001b[39m=\u001b[32m\"m22 7-8.97 5.7a1.94 1.94 0 0 1-2.06 0L2 7\"\u001b[39m\n                          \u001b[36m/>\u001b[39m\n                        \u001b[36m</svg>\u001b[39m\n                        \u001b[36m<div>\u001b[39m\n                          \u001b[36m<p\u001b[39m\n                            \u001b[33mclass\u001b[39m=\u001b[32m\"text-sm font-medium text-gray-900 dark:text-slate-100\"\u001b[39m\n                          \u001b[36m>\u001b[39m\n                            \u001b[0mana@test.com\u001b[0m\n                          \u001b[36m</p>\u001b[39m\n                          \u001b[36m<p\u001b[39m\n                            \u001b[33mclass\u001b[39m=\u001b[32m\"text-xs text-gray-500 dark:text-slate-400\"\u001b[39m\n                          \u001b[36m>\u001b[39m\n                            \u001b[0mana\u001b[0m\n                          \u001b[36m</p>\u001b[39m\n                        \u001b[36m</div>\u001b[39m\n                      \u001b[36m</div>\u001b[39m\n                    \u001b[36m</td>\u001b[39m\n                    \u001b[36m<td\u001b[39m\n                      \u001b[33mclass\u001b[39m=\u001b[32m\"px-4 py-3 text-sm text-gray-700 dark:text-slate-300\"\u001b[39m\n                    \u001b[36m>\u001b[39m\n                      \u001b[0mAna García\u001b[0m\n                    \u001b[36m</td>\u001b[39m\n                    \u001b[36m<td\u001b[39m\n                      \u001b[33mclass\u001b[39m=\u001b[32m\"px-4 py-3\"\u001b[39m\n                    \u001b[36m>\u001b[39m\n                      \u001b[36m<div\u001b[39m\n                        \u001b[33mclass\u001b[39m=\u001b[32m\"flex flex-wrap gap-1.5\"\u001b[39m\n                      \u001b[36m>\u001b[39m\n                        \u001b[36m<span\u001b[39m\n                          \u001b[33mclass\u001b[39m=\u001b[32m\"inline-flex items-center gap-1 rounded-full bg-indigo-100 dark:bg-indigo-900/40 px-2.5 py-0.5 text-xs font-medium text-indigo-700 dark:text-indigo-300\"\u001b[39m\n                        \u001b[36m>\u001b[39m\n                          \u001b[36m<svg\u001b[39m\n                            \u001b[33mclass\u001b[39m=\u001b[32m\"lucide lucide-shield h-3 w-3\"\u001b[39m\n                            \u001b[33mfill\u001b[39m=\u001b[32m\"none\"\u001b[39m\n                            \u001b[33mheight\u001b[39m=\u001b[32m\"24\"\u001b[39m\n                            \u001b[33mstroke\u001b[39m=\u001b[32m\"currentColor\"\u001b[39m\n                            \u001b[33mstroke-linecap\u001b[39m=\u001b[32m\"round\"\u001b[39m\n                            \u001b[33mstroke-linejoin\u001b[39m=\u001b[32m\"round\"\u001b[39m\n                            \u001b[33mstroke-width\u001b[39m=\u001b[32m\"2\"\u001b[39m\n                            \u001b[33mviewBox\u001b[39m=\u001b[32m\"0 0 24 24\"\u001b[39m\n                            \u001b[33mwidth\u001b[39m=\u001b[32m\"24\"\u001b[39m\n                            \u001b[33mxmlns\u001b[39m=\u001b[32m\"http://www.w3.org/2000/svg\"\u001b[39m\n                          \u001b[36m>\u001b[39m\n                            \u001b[36m<path\u001b[39m\n                              \u001b[33md\u001b[39m=\u001b[32m\"M20 13c0 5-3.5 7.5-7.66 8.95a1 1 0 0 1-.67-.01C7.5 20.5 4 18 4 13V6a1 1 0 0 1 1-1c2 0 4.5-1.2 6.24-2.72a1.17 1.17 0 0 1 1.52 0C14.51 3.81 17 5 19 5a1 1 0 0 1 1 1z\"\u001b[39m\n                            \u001b[36m/>\u001b[39m\n                          \u001b[36m</svg>\u001b[39m\n                          \u001b[0madmin\u001b[0m\n                        \u001b[36m</span>\u001b[39m\n                      \u001b[36m</div>\u001b[39m\n                    \u001b[36m</td>\u001b[39m\n                    \u001b[36m<td\u001b[39m\n                      \u001b[33mclass\u001b[39m=\u001b[32m\"px-4 py-3\"\u001b[39m\n                    \u001b[36m>\u001b[39m\n                      \u001b[36m<div\u001b[39m\n                        \u001b[33mclass\u001b[39m=\u001b[32m\"flex items-center justify-center gap-3\"\u001b[39m\n                      \u001b[36m>\u001b[39m\n                        \u001b[36m<div\u001b[39m\n                          \u001b[33mclass\u001b[39m=\u001b[32m\"flex items-center gap-1 text-xs font-medium text-green-600 dark:text-green-400\"\u001b[39m\n                          \u001b[33mtitle\u001b[39m=\u001b[32m\"Habilitado\"\u001b[39m\n                        \u001b[36m>\u001b[39m\n                          \u001b[36m<svg\u001b[39m\n                            \u001b[33mclass\u001b[39m=\u001b[32m\"lucide lucide-circle-check h-4 w-4\"\u001b[39m\n                            \u001b[33mfill\u001b[39m=\u001b[32m\"none\"\u001b[39m\n                            \u001b[33mheight\u001b[39m=\u001b[32m\"24\"\u001b[39m\n                            \u001b[33mstroke\u001b[39m=\u001b[32m\"currentColor\"\u001b[39m\n                            \u001b[33mstroke-linecap\u001b[39m=\u001b[32m\"round\"\u001b[39m\n                            \u001b[33mstroke-linejoin\u001b[39m=\u001b[32m\"round\"\u001b[39m\n                            \u001b[33mstroke-width\u001b[39m=\u001b[32m\"2\"\u001b[39m\n                            \u001b[33mviewBox\u001b[39m=\u001b[32m\"0 0 24 24\"\u001b[39m\n                            \u001b[33mwidth\u001b[39m=\u001b[32m\"24\"\u001b[39m\n                            \u001b[33mxmlns\u001b[39m=\u001b[32m\"http://www.w3.org/2000/svg\"\u001b[39m\n                          \u001b[36m>\u001b[39m\n                            \u001b[36m<circle\u001b[39m\n                              \u001b[33mcx\u001b[39m=\u001b[32m\"12\"\u001b[39m\n                              \u001b[33mcy\u001b[39m=\u001b[32m\"12\"\u001b[39m\n                              \u001b[33mr\u001b[39m=\u001b[32m\"10\"\u001b[39m\n                            \u001b[36m/>\u001b[39m\n                            \u001b[36m<path\u001b[39m\n                              \u001b[33md\u001b[39m=\u001b[32m\"m9 12 2 2 4-4\"\u001b[39m\n                            \u001b[36m/>\u001b[39m\n                          \u001b[36m</svg>\u001b[39m\n                        \u001b[36m</div>\u001b[39m\n                        \u001b[36m<span\u001b[39m\n                          \u001b[33mclass\u001b[39m=\u001b[32m\"inline-flex items-center gap-1 rounded-full bg-green-100 dark:bg-green-900/30 px-2 py-0.5 text-xs font-medium text-green-700 dark:text-green-400\"\u001b[39m\n                        \u001b[36m>\u001b[39m\n                          \u001b[36m<svg\u001b[39m\n                            \u001b[33mclass\u001b[39m=\u001b[32m\"lucide lucide-mail h-3 w-3\"\u001b[39m\n                            \u001b[33mfill\u001b[39m=\u001b[32m\"none\"\u001b[39m\n                            \u001b[33mheight\u001b[39m=\u001b[32m\"24\"\u001b[39m\n                            \u001b[33mstroke\u001b[39m=\u001b[32m\"currentColor\"\u001b[39m\n                            \u001b[33mstroke-linecap\u001b[39m=\u001b[32m\"round\"\u001b[39m\n                            \u001b[33mstroke-linejoin\u001b[39m=\u001b[32m\"round\"\u001b[39m\n                            \u001b[33mstroke-width\u001b[39m=\u001b[32m\"2\"\u001b[39m\n                            \u001b[33mviewBox\u001b[39m=\u001b[32m\"0 0 24 24\"\u001b[39m\n                            \u001b[33mwidth\u001b[39m=\u001b[32m\"24\"\u001b[39m\n                            \u001b[33mxmlns\u001b[39m=\u001b[32m\"http://www.w3.org/2000/svg\"\u001b[39m\n                          \u001b[36m>\u001b[39m\n                            \u001b[36m<rect\u001b[39m\n                              \u001b[33mheight\u001b[39m=\u001b[32m\"16\"\u001b[39m\n                              \u001b[33mrx\u001b[39m=\u001b[32m\"2\"\u001b[39m\n                              \u001b[33mwidth\u001b[39m=\u001b[32m\"20\"\u001b[39m\n                              \u001b[33mx\u001b[39m=\u001b[32m\"2\"\u001b[39m\n                              \u001b[33my\u001b[39m=\u001b[32m\"4\"\u001b[39m\n                            \u001b[36m/>\u001b[39m\n                            \u001b[36m<path\u001b[39m\n                              \u001b[33md\u001b[39m=\u001b[32m\"m22 7-8.97 5.7a1.94 1.94 0 0 1-2.06 0L2 7\"\u001b[39m\n                            \u001b[36m/>\u001b[39m\n                          \u001b[36m</svg>\u001b[39m\n                          \u001b[0mVerificado\u001b[0m\n                        \u001b[36m</span>\u001b[39m\n                      \u001b[36m</div>\u001b[39m\n                    \u001b[36m</td>\u001b[39m\n                    \u001b[36m<td\u001b[39m\n                      \u001b[33mclass\u001b[39m=\u001b[32m\"px-4 py-3 text-sm text-gray-500 dark:text-slate-400 tabular-nums\"\u001b[39m\n                    \u001b[36m>\u001b[39m\n                      \u001b[0m20/01/2024\u001b[0m\n                    \u001b[36m</td>\u001b[39m\n                    \u001b[36m<td\u001b[39m\n                      \u001b[33mclass\u001b[39m=\u001b[32m\"px-4 py-3\"\u001b[39m\n                    \u001b[36m>\u001b[39m\n                      \u001b[36m<div\u001b[39m\n                        \u001b[33mclass\u001b[39m=\u001b[32m\"flex items-center justify-end gap-1\"\u001b[39m\n                      \u001b[36m>\u001b[39m\n                        \u001b[36m<button\u001b[39m\n                          \u001b[33mclass\u001b[39m=\u001b[32m\"rounded p-1.5 text-gray-400 hover:text-indigo-600 dark:hover:text-indigo-400 hover:bg-gray-100 dark:hover:bg-slate-700\"\u001b[39m\n                          \u001b[33mtitle\u001b[39m=\u001b[32m\"Editar\"\u001b[39m\n                        \u001b[36m>\u001b[39m\n                          \u001b[36m<svg\u001b[39m\n                            \u001b[33mclass\u001b[39m=\u001b[32m\"lucide lucide-pencil h-4 w-4\"\u001b[39m\n                            \u001b[33mfill\u001b[39m=\u001b[32m\"none\"\u001b[39m\n                            \u001b[33mheight\u001b[39m=\u001b[32m\"24\"\u001b[39m\n                            \u001b[33mstroke\u001b[39m=\u001b[32m\"currentColor\"\u001b[39m\n                            \u001b[33mstroke-linecap\u001b[39m=\u001b[32m\"round\"\u001b[39m\n                            \u001b[33mstroke-linejoin\u001b[39m=\u001b[32m\"round\"\u001b[39m\n                            \u001b[33mstroke-width\u001b[39m=\u001b[32m\"2\"\u001b[39m\n                            \u001b[33mviewBox\u001b[39m=\u001b[32m\"0 0 24 24\"\u001b[39m\n                            \u001b[33mwidth\u001b[39m=\u001b[32m\"24\"\u001b[39m\n                            \u001b[33mxmlns\u001b[39m=\u001b[32m\"http://www.w3.org/2000/svg\"\u001b[39m\n                          \u001b[36m>\u001b[39m\n                            \u001b[36m<path\u001b[39m\n                              \u001b[33md\u001b[39m=\u001b[32m\"M17 3a2.85 2.83 0 1 1 4 4L7.5 20.5 2 22l1.5-5.5Z\"\u001b[39m\n                            \u001b[36m/>\u001b[39m\n                            \u001b[36m<path\u001b[39m\n                              \u001b[33md\u001b[39m=\u001b[32m\"m15 5 4 4\"\u001b[39m\n                            \u001b[36m/>\u001b[39m\n                          \u001b[36m</svg>\u001b[39m\n                        \u001b[36m</button>\u001b[39m\n                        \u001b[36m<button\u001b[39m\n                          \u001b[33mclass\u001b[39m=\u001b[32m\"rounded p-1.5 text-gray-400 hover:text-red-600 dark:hover:text-red-400 hover:bg-gray-100 dark:hover:bg-slate-700\"\u001b[39m\n                          \u001b[33mtitle\u001b[39m=\u001b[32m\"Eliminar\"\u001b[39m\n                        \u001b[36m>\u001b[39m\n                          \u001b[36m<svg\u001b[39m\n                            \u001b[33mclass\u001b[39m=\u001b[32m\"lucide lucide-trash2 h-4 w-4\"\u001b[39m\n                            \u001b[33mfill\u001b[39m=\u001b[32m\"none\"\u001b[39m\n                            \u001b[33mheight\u001b[39m=\u001b[32m\"24\"\u001b[39m\n                            \u001b[33mstroke\u001b[39m=\u001b[32m\"currentColor\"\u001b[39m\n                            \u001b[33mstroke-linecap\u001b[39m=\u001b[32m\"round\"\u001b[39m\n                            \u001b[33mstroke-linejoin\u001b[39m=\u001b[32m\"round\"\u001b[39m\n                            \u001b[33mstroke-width\u001b[39m=\u001b[32m\"2\"\u001b[39m\n                            \u001b[33mviewBox\u001b[39m=\u001b[32m\"0 0 24 24\"\u001b[39m\n                            \u001b[33mwidth\u001b[39m=\u001b[32m\"24\"\u001b[39m\n                            \u001b[33mxmlns\u001b[39m=\u001b[32m\"http://www.w3.org/2000/svg\"\u001b[39m\n                          \u001b[36m>\u001b[39m\n                            \u001b[36m<path\u001b[39m\n                              \u001b[33md\u001b[39m=\u001b[32m\"M3 6h18\"\u001b[39m\n                            \u001b[36m/>\u001b[39m\n                            \u001b[36m<path\u001b[39m\n                              \u001b[33md\u001b[39m=\u001b[32m\"M19 6v14c0 1-1 2-2 2H7c-1 0-2-1-2-2V6\"\u001b[39m\n                            \u001b[36m/>\u001b[39m\n                            \u001b[36m<path\u001b[39m\n                              \u001b[33md\u001b[39m=\u001b[32m\"M8 6V4c0-1 1-2 2-2h4c1 0 2 1 2 2v2\"\u001b[39m\n                            \u001b[36m/>\u001b[39m\n                            \u001b[36m<line\u001b[39m\n                              \u001b[33mx1\u001b[39m=\u001b[32m\"10\"\u001b[39m\n                              \u001b[33mx2\u001b[39m=\u001b[32m\"10\"\u001b[39m\n                              \u001b[33my1\u001b[39m=\u001b[32m\"11\"\u001b[39m\n                              \u001b[33my2\u001b[39m=\u001b[32m\"17\"\u001b[39m\n                            \u001b[36m/>\u001b[39m\n                            \u001b[36m<line\u001b[39m\n                              \u001b[33mx1\u001b[39m=\u001b[32m\"14\"\u001b[39m\n                              \u001b[33mx2\u001b[39m=\u001b[32m\"14\"\u001b[39m\n                              \u001b[33my1\u001b[39m=\u001b[32m\"11\"\u001b[39m\n                              \u001b[33my2\u001b[39m=\u001b[32m\"17\"\u001b[39m\n                            \u001b[36m/>\u001b[39m\n                          \u001b[36m</svg>\u001b[39m\n                        \u001b[36m</button>\u001b[39m\n                      \u001b[36m</div>\u001b[39m\n                    \u001b[36m</td>\u001b[39m\n                  \u001b[36m</tr>\u001b[39m\n                \u001b[36m</tbody>\u001b[39m\n              \u001b[36m</table>\u001b[39m\n            \u001b[36m</div>\u001b[39m\n            \u001b[36m<div\u001b[39m\n              \u001b[33mclass\u001b[39m=\u001b[32m\"border-t border-gray-200 dark:border-slate-700 bg-gray-50 dark:bg-slate-900/50 px-4 py-3\"\u001b[39m\n            \u001b[36m>\u001b[39m\n              \u001b[36m<p\u001b[39m\n                \u001b[33mclass\u001b[39m=\u001b[32m\"text-sm text-gray-600 dark:text-slate-400\"\u001b[39m\n              \u001b[36m>\u001b[39m\n                \u001b[0mTotal\u001b[0m\n                \u001b[0m: \u001b[0m\n                \u001b[36m<span\u001b[39m\n                  \u001b[33mclass\u001b[39m=\u001b[32m\"font-semibold\"\u001b[39m\n                \u001b[36m>\u001b[39m\n                  \u001b[0m1\u001b[0m\n                \u001b[36m</span>\u001b[39m\n              \u001b[36m</p>\u001b[39m\n            \u001b[36m</div>\u001b[39m\n          \u001b[36m</div>\u001b[39m\n        \u001b[36m</div>\u001b[39m\n      \u001b[36m</div>\u001b[39m\n    \u001b[36m</div>\u001b[39m\n  \u001b[36m</body>\u001b[39m\n\u001b[36m</html>\u001b[39m"],"location":{"line":163,"column":27}},{"ancestorTitles":["","UsersPage"],"fullName":" UsersPage muestra el estado de error cuando falla la carga","status":"passed","title":"muestra el estado de error cuando falla la carga","duration":10,"failureMessages":[]},{"ancestorTitles":["","UsersPage"],"fullName":" UsersPage muestra el vaciado cuando no hay usuarios","status":"passed","title":"muestra el vaciado cuando no hay usuarios","duration":15,"failureMessages":[]},{"ancestorTitles":["","UsersPage"],"fullName":" UsersPage abre el modal de confirmación y elimina un usuario","status":"passed","title":"abre el modal de confirmación y elimina un usuario","duration":110,"failureMessages":[]}],"startTime":1788431027872,"endTime":1788431029062,"status":"failed","message":"","name":"C:/Projects/base/baseapp/tests/pages/UsersPage.test.jsx"},{"assertionResults":[{"ancestorTitles":["","authSession"],"fullName":" authSession devuelve el refresh token desde localStorage o sessionStorage","status":"passed","title":"devuelve el refresh token desde localStorage o sessionStorage","duration":1,"failureMessages":[]},{"ancestorTitles":["","authSession"],"fullName":" authSession guarda el refresh token según la opción de recordarme","status":"passed","title":"guarda el refresh token según la opción de recordarme","duration":0,"failureMessages":[]},{"ancestorTitles":["","authSession"],"fullName":" authSession limpia los tokens de sesión y los QR","status":"passed","title":"limpia los tokens de sesión y los QR","duration":1,"failureMessages":[]},{"ancestorTitles":["","authSession"],"fullName":" authSession lee la opción de recordarme y toma los tokens QR","status":"passed","title":"lee la opción de recordarme y toma los tokens QR","duration":0,"failureMessages":[]},{"ancestorTitles":["","authSession"],"fullName":" authSession decodifica un JWT válido y devuelve null con payload inválido","status":"passed","title":"decodifica un JWT válido y devuelve null con payload inválido","duration":1,"failureMessages":[]},{"ancestorTitles":["","authSession"],"fullName":" authSession detecta si un token expira pronto","status":"passed","title":"detecta si un token expira pronto","duration":0,"failureMessages":[]}],"startTime":1788431027707,"endTime":1788431027710,"status":"passed","message":"","name":"C:/Projects/base/baseapp/tests/utils/authSession.test.js"}]}